<?xml version="1.0" encoding="UTF-8"?>
<!-- Generated by org.testng.reporters.JUnitReportReporter -->
<testsuite hostname="Mds-MacBook-Pro.local" failures="0" tests="1" name="sileniumjenkins.TestForJenkins" time="9.588" errors="0" timestamp="2024-09-20T22:22:57 EDT" skipped="0">
  <testcase classname="sileniumjenkins.TestForJenkins" name="startBrowser" time="9.588"/>
</testsuite> <!-- sileniumjenkins.TestForJenkins -->
